# JRE version: Java(TM) SE Runtime Environment (8.0_111-b14) (build 1.8.0_111-b14)
# Java VM: Java HotSpot(TM) Client VM (25.111-b14 mixed mode, sharing windows-x86 )
Heap:
 def new generation   total 4928K, used 792K [0x05200000, 0x05750000, 0x0a750000)
  eden space 4416K,   6% used [0x05200000, 0x05246130, 0x05650000)
  from space 512K,  99% used [0x056d0000, 0x0574fff8, 0x05750000)
  to   space 512K,   0% used [0x05650000, 0x05650000, 0x056d0000)
 tenured generation   total 10944K, used 1771K [0x0a750000, 0x0b200000, 0x15200000)
   the space 10944K,  16% used [0x0a750000, 0x0a90ae20, 0x0a90b000, 0x0b200000)
 Metaspace       used 2483K, capacity 4282K, committed 4288K, reserved 4480K
GC Heap History (10 events):
Event: 0.223 GC heap before
{Heap before GC invocations=0 (full 0):
 def new generation   total 4928K, used 4416K [0x05200000, 0x05750000, 0x0a750000)
  eden space 4416K, 100% used [0x05200000, 0x05650000, 0x05650000)
  from space 512K,   0% used [0x05650000, 0x05650000, 0x056d0000)
  to   space 512K,   0% used [0x056d0000, 0x056d0000, 0x05750000)
 tenured generation   total 10944K, used 0K [0x0a750000, 0x0b200000, 0x15200000)
   the space 10944K,   0% used [0x0a750000, 0x0a750000, 0x0a750200, 0x0b200000)
 Metaspace       used 287K, capacity 2354K, committed 2368K, reserved 4480K
Event: 0.226 GC heap after
Heap after GC invocations=1 (full 0):
 def new generation   total 4928K, used 512K [0x05200000, 0x05750000, 0x0a750000)
  eden space 4416K,   0% used [0x05200000, 0x05200000, 0x05650000)
  from space 512K, 100% used [0x056d0000, 0x05750000, 0x05750000)
  to   space 512K,   0% used [0x05650000, 0x05650000, 0x056d0000)
 tenured generation   total 10944K, used 448K [0x0a750000, 0x0b200000, 0x15200000)
   the space 10944K,   4% used [0x0a750000, 0x0a7c0260, 0x0a7c0400, 0x0b200000)
 Metaspace       used 287K, capacity 2354K, committed 2368K, reserved 4480K
}
Event: 0.345 GC heap before
{Heap before GC invocations=1 (full 0):
 def new generation   total 4928K, used 4928K [0x05200000, 0x05750000, 0x0a750000)
  eden space 4416K, 100% used [0x05200000, 0x05650000, 0x05650000)
  from space 512K, 100% used [0x056d0000, 0x05750000, 0x05750000)
  to   space 512K,   0% used [0x05650000, 0x05650000, 0x056d0000)
 tenured generation   total 10944K, used 448K [0x0a750000, 0x0b200000, 0x15200000)
   the space 10944K,   4% used [0x0a750000, 0x0a7c0260, 0x0a7c0400, 0x0b200000)
 Metaspace       used 884K, capacity 2817K, committed 2880K, reserved 4480K
Event: 0.348 GC heap after
Heap after GC invocations=2 (full 0):
 def new generation   total 4928K, used 499K [0x05200000, 0x05750000, 0x0a750000)
  eden space 4416K,   0% used [0x05200000, 0x05200000, 0x05650000)
  from space 512K,  97% used [0x05650000, 0x056cce58, 0x056d0000)
  to   space 512K,   0% used [0x056d0000, 0x056d0000, 0x05750000)
 tenured generation   total 10944K, used 953K [0x0a750000, 0x0b200000, 0x15200000)
   the space 10944K,   8% used [0x0a750000, 0x0a83e558, 0x0a83e600, 0x0b200000)
 Metaspace       used 884K, capacity 2817K, committed 2880K, reserved 4480K
}
Event: 0.700 GC heap before
{Heap before GC invocations=2 (full 0):
 def new generation   total 4928K, used 4847K [0x05200000, 0x05750000, 0x0a750000)
  eden space 4416K,  98% used [0x05200000, 0x0563ef18, 0x05650000)
  from space 512K,  97% used [0x05650000, 0x056cce58, 0x056d0000)
  to   space 512K,   0% used [0x056d0000, 0x056d0000, 0x05750000)
 tenured generation   total 10944K, used 953K [0x0a750000, 0x0b200000, 0x15200000)
   the space 10944K,   8% used [0x0a750000, 0x0a83e558, 0x0a83e600, 0x0b200000)
 Metaspace       used 1370K, capacity 3267K, committed 3392K, reserved 4480K
Event: 0.707 GC heap after
Heap after GC invocations=3 (full 0):
 def new generation   total 4928K, used 512K [0x05200000, 0x05750000, 0x0a750000)
  eden space 4416K,   0% used [0x05200000, 0x05200000, 0x05650000)
  from space 512K, 100% used [0x056d0000, 0x05750000, 0x05750000)
  to   space 512K,   0% used [0x05650000, 0x05650000, 0x056d0000)
 tenured generation   total 10944K, used 1316K [0x0a750000, 0x0b200000, 0x15200000)
   the space 10944K,  12% used [0x0a750000, 0x0a899240, 0x0a899400, 0x0b200000)
 Metaspace       used 1370K, capacity 3267K, committed 3392K, reserved 4480K
}
Event: 0.802 GC heap before
{Heap before GC invocations=3 (full 0):
 def new generation   total 4928K, used 4928K [0x05200000, 0x05750000, 0x0a750000)
  eden space 4416K, 100% used [0x05200000, 0x05650000, 0x05650000)
  from space 512K, 100% used [0x056d0000, 0x05750000, 0x05750000)
  to   space 512K,   0% used [0x05650000, 0x05650000, 0x056d0000)
 tenured generation   total 10944K, used 1316K [0x0a750000, 0x0b200000, 0x15200000)
   the space 10944K,  12% used [0x0a750000, 0x0a899240, 0x0a899400, 0x0b200000)
 Metaspace       used 1965K, capacity 3843K, committed 3904K, reserved 4480K
Event: 0.805 GC heap after
Heap after GC invocations=4 (full 0):
 def new generation   total 4928K, used 445K [0x05200000, 0x05750000, 0x0a750000)
  eden space 4416K,   0% used [0x05200000, 0x05200000, 0x05650000)
  from space 512K,  87% used [0x05650000, 0x056bf6f8, 0x056d0000)
  to   space 512K,   0% used [0x056d0000, 0x056d0000, 0x05750000)
 tenured generation   total 10944K, used 1579K [0x0a750000, 0x0b200000, 0x15200000)
   the space 10944K,  14% used [0x0a750000, 0x0a8daed8, 0x0a8db000, 0x0b200000)
 Metaspace       used 1965K, capacity 3843K, committed 3904K, reserved 4480K
}
Event: 0.899 GC heap before
{Heap before GC invocations=4 (full 0):
 def new generation   total 4928K, used 4861K [0x05200000, 0x05750000, 0x0a750000)
  eden space 4416K,  99% used [0x05200000, 0x0564fff0, 0x05650000)
  from space 512K,  87% used [0x05650000, 0x056bf6f8, 0x056d0000)
  to   space 512K,   0% used [0x056d0000, 0x056d0000, 0x05750000)
 tenured generation   total 10944K, used 1579K [0x0a750000, 0x0b200000, 0x15200000)
   the space 10944K,  14% used [0x0a750000, 0x0a8daed8, 0x0a8db000, 0x0b200000)
 Metaspace       used 2471K, capacity 4247K, committed 4288K, reserved 4480K
Event: 0.904 GC heap after
Heap after GC invocations=5 (full 0):
 def new generation   total 4928K, used 511K [0x05200000, 0x05750000, 0x0a750000)
  eden space 4416K,   0% used [0x05200000, 0x05200000, 0x05650000)
  from space 512K,  99% used [0x056d0000, 0x0574fff8, 0x05750000)
  to   space 512K,   0% used [0x05650000, 0x05650000, 0x056d0000)
 tenured generation   total 10944K, used 1771K [0x0a750000, 0x0b200000, 0x15200000)
   the space 10944K,  16% used [0x0a750000, 0x0a90ae20, 0x0a90b000, 0x0b200000)
 Metaspace       used 2471K, capacity 4247K, committed 4288K, reserved 4480K
}

