# JRE version: Java(TM) SE Runtime Environment (8.0_111-b14) (build 1.8.0_111-b14)
# Java VM: Java HotSpot(TM) Client VM (25.111-b14 mixed mode, sharing windows-x86 )
Heap:
 def new generation   total 4928K, used 1202K [0x05000000, 0x05550000, 0x0a550000)
  eden space 4416K,  15% used [0x05000000, 0x050ac8e8, 0x05450000)
  from space 512K,  99% used [0x054d0000, 0x0554fff8, 0x05550000)
  to   space 512K,   0% used [0x05450000, 0x05450000, 0x054d0000)
 tenured generation   total 10944K, used 8898K [0x0a550000, 0x0b000000, 0x15000000)
   the space 10944K,  81% used [0x0a550000, 0x0ae00988, 0x0ae00a00, 0x0b000000)
 Metaspace       used 2894K, capacity 4609K, committed 4736K, reserved 5504K
GC Heap History (10 events):
Event: 14.396 GC heap before
{Heap before GC invocations=6 (full 0):
 def new generation   total 4928K, used 4928K [0x05000000, 0x05550000, 0x0a550000)
  eden space 4416K, 100% used [0x05000000, 0x05450000, 0x05450000)
  from space 512K, 100% used [0x05450000, 0x054d0000, 0x054d0000)
  to   space 512K,   0% used [0x054d0000, 0x054d0000, 0x05550000)
 tenured generation   total 10944K, used 2653K [0x0a550000, 0x0b000000, 0x15000000)
   the space 10944K,  24% used [0x0a550000, 0x0a7e75b0, 0x0a7e7600, 0x0b000000)
 Metaspace       used 2769K, capacity 4506K, committed 4608K, reserved 5504K
Event: 14.402 GC heap after
Heap after GC invocations=7 (full 0):
 def new generation   total 4928K, used 511K [0x05000000, 0x05550000, 0x0a550000)
  eden space 4416K,   0% used [0x05000000, 0x05000000, 0x05450000)
  from space 512K,  99% used [0x054d0000, 0x0554fff8, 0x05550000)
  to   space 512K,   0% used [0x05450000, 0x05450000, 0x054d0000)
 tenured generation   total 10944K, used 4044K [0x0a550000, 0x0b000000, 0x15000000)
   the space 10944K,  36% used [0x0a550000, 0x0a943060, 0x0a943200, 0x0b000000)
 Metaspace       used 2769K, capacity 4506K, committed 4608K, reserved 5504K
}
Event: 14.422 GC heap before
{Heap before GC invocations=7 (full 0):
 def new generation   total 4928K, used 4927K [0x05000000, 0x05550000, 0x0a550000)
  eden space 4416K, 100% used [0x05000000, 0x05450000, 0x05450000)
  from space 512K,  99% used [0x054d0000, 0x0554fff8, 0x05550000)
  to   space 512K,   0% used [0x05450000, 0x05450000, 0x054d0000)
 tenured generation   total 10944K, used 4044K [0x0a550000, 0x0b000000, 0x15000000)
   the space 10944K,  36% used [0x0a550000, 0x0a943060, 0x0a943200, 0x0b000000)
 Metaspace       used 2778K, capacity 4506K, committed 4608K, reserved 5504K
Event: 14.426 GC heap after
Heap after GC invocations=8 (full 0):
 def new generation   total 4928K, used 512K [0x05000000, 0x05550000, 0x0a550000)
  eden space 4416K,   0% used [0x05000000, 0x05000000, 0x05450000)
  from space 512K, 100% used [0x05450000, 0x054d0000, 0x054d0000)
  to   space 512K,   0% used [0x054d0000, 0x054d0000, 0x05550000)
 tenured generation   total 10944K, used 5138K [0x0a550000, 0x0b000000, 0x15000000)
   the space 10944K,  46% used [0x0a550000, 0x0aa54b68, 0x0aa54c00, 0x0b000000)
 Metaspace       used 2778K, capacity 4506K, committed 4608K, reserved 5504K
}
Event: 14.435 GC heap before
{Heap before GC invocations=8 (full 0):
 def new generation   total 4928K, used 4928K [0x05000000, 0x05550000, 0x0a550000)
  eden space 4416K, 100% used [0x05000000, 0x05450000, 0x05450000)
  from space 512K, 100% used [0x05450000, 0x054d0000, 0x054d0000)
  to   space 512K,   0% used [0x054d0000, 0x054d0000, 0x05550000)
 tenured generation   total 10944K, used 5138K [0x0a550000, 0x0b000000, 0x15000000)
   the space 10944K,  46% used [0x0a550000, 0x0aa54b68, 0x0aa54c00, 0x0b000000)
 Metaspace       used 2778K, capacity 4506K, committed 4608K, reserved 5504K
Event: 14.441 GC heap after
Heap after GC invocations=9 (full 0):
 def new generation   total 4928K, used 512K [0x05000000, 0x05550000, 0x0a550000)
  eden space 4416K,   0% used [0x05000000, 0x05000000, 0x05450000)
  from space 512K, 100% used [0x054d0000, 0x05550000, 0x05550000)
  to   space 512K,   0% used [0x05450000, 0x05450000, 0x054d0000)
 tenured generation   total 10944K, used 6436K [0x0a550000, 0x0b000000, 0x15000000)
   the space 10944K,  58% used [0x0a550000, 0x0ab990d0, 0x0ab99200, 0x0b000000)
 Metaspace       used 2778K, capacity 4506K, committed 4608K, reserved 5504K
}
Event: 14.446 GC heap before
{Heap before GC invocations=9 (full 0):
 def new generation   total 4928K, used 4928K [0x05000000, 0x05550000, 0x0a550000)
  eden space 4416K, 100% used [0x05000000, 0x05450000, 0x05450000)
  from space 512K, 100% used [0x054d0000, 0x05550000, 0x05550000)
  to   space 512K,   0% used [0x05450000, 0x05450000, 0x054d0000)
 tenured generation   total 10944K, used 6436K [0x0a550000, 0x0b000000, 0x15000000)
   the space 10944K,  58% used [0x0a550000, 0x0ab990d0, 0x0ab99200, 0x0b000000)
 Metaspace       used 2778K, capacity 4506K, committed 4608K, reserved 5504K
Event: 14.452 GC heap after
Heap after GC invocations=10 (full 0):
 def new generation   total 4928K, used 511K [0x05000000, 0x05550000, 0x0a550000)
  eden space 4416K,   0% used [0x05000000, 0x05000000, 0x05450000)
  from space 512K,  99% used [0x05450000, 0x054cfff8, 0x054d0000)
  to   space 512K,   0% used [0x054d0000, 0x054d0000, 0x05550000)
 tenured generation   total 10944K, used 7828K [0x0a550000, 0x0b000000, 0x15000000)
   the space 10944K,  71% used [0x0a550000, 0x0acf5308, 0x0acf5400, 0x0b000000)
 Metaspace       used 2778K, capacity 4506K, committed 4608K, reserved 5504K
}
Event: 14.465 GC heap before
{Heap before GC invocations=10 (full 0):
 def new generation   total 4928K, used 4927K [0x05000000, 0x05550000, 0x0a550000)
  eden space 4416K, 100% used [0x05000000, 0x05450000, 0x05450000)
  from space 512K,  99% used [0x05450000, 0x054cfff8, 0x054d0000)
  to   space 512K,   0% used [0x054d0000, 0x054d0000, 0x05550000)
 tenured generation   total 10944K, used 7828K [0x0a550000, 0x0b000000, 0x15000000)
   the space 10944K,  71% used [0x0a550000, 0x0acf5308, 0x0acf5400, 0x0b000000)
 Metaspace       used 2789K, capacity 4506K, committed 4608K, reserved 5504K
Event: 14.469 GC heap after
Heap after GC invocations=11 (full 0):
 def new generation   total 4928K, used 511K [0x05000000, 0x05550000, 0x0a550000)
  eden space 4416K,   0% used [0x05000000, 0x05000000, 0x05450000)
  from space 512K,  99% used [0x054d0000, 0x0554fff8, 0x05550000)
  to   space 512K,   0% used [0x05450000, 0x05450000, 0x054d0000)
 tenured generation   total 10944K, used 8898K [0x0a550000, 0x0b000000, 0x15000000)
   the space 10944K,  81% used [0x0a550000, 0x0ae00988, 0x0ae00a00, 0x0b000000)
 Metaspace       used 2789K, capacity 4506K, committed 4608K, reserved 5504K
}

