# JRE version: Java(TM) SE Runtime Environment (8.0_111-b14) (build 1.8.0_111-b14)
# Java VM: Java HotSpot(TM) Client VM (25.111-b14 mixed mode windows-x86 )
Heap:
 def new generation   total 4928K, used 2852K [0x05200000, 0x05750000, 0x0a750000)
  eden space 4416K,  53% used [0x05200000, 0x054493e0, 0x05650000)
  from space 512K,  99% used [0x056d0000, 0x0574fff8, 0x05750000)
  to   space 512K,   0% used [0x05650000, 0x05650000, 0x056d0000)
 tenured generation   total 10944K, used 8252K [0x0a750000, 0x0b200000, 0x15200000)
   the space 10944K,  75% used [0x0a750000, 0x0af5f380, 0x0af5f400, 0x0b200000)
 Metaspace       used 5748K, capacity 5993K, committed 6144K, reserved 6528K
GC Heap History (10 events):
Event: 1.353 GC heap before
{Heap before GC invocations=6 (full 0):
 def new generation   total 4928K, used 4928K [0x05200000, 0x05750000, 0x0a750000)
  eden space 4416K, 100% used [0x05200000, 0x05650000, 0x05650000)
  from space 512K, 100% used [0x05650000, 0x056d0000, 0x056d0000)
  to   space 512K,   0% used [0x056d0000, 0x056d0000, 0x05750000)
 tenured generation   total 10944K, used 1954K [0x0a750000, 0x0b200000, 0x15200000)
   the space 10944K,  17% used [0x0a750000, 0x0a938980, 0x0a938a00, 0x0b200000)
 Metaspace       used 5621K, capacity 5890K, committed 6016K, reserved 6528K
Event: 1.360 GC heap after
Heap after GC invocations=7 (full 0):
 def new generation   total 4928K, used 511K [0x05200000, 0x05750000, 0x0a750000)
  eden space 4416K,   0% used [0x05200000, 0x05200000, 0x05650000)
  from space 512K,  99% used [0x056d0000, 0x0574fff8, 0x05750000)
  to   space 512K,   0% used [0x05650000, 0x05650000, 0x056d0000)
 tenured generation   total 10944K, used 3345K [0x0a750000, 0x0b200000, 0x15200000)
   the space 10944K,  30% used [0x0a750000, 0x0aa94450, 0x0aa94600, 0x0b200000)
 Metaspace       used 5621K, capacity 5890K, committed 6016K, reserved 6528K
}
Event: 1.383 GC heap before
{Heap before GC invocations=7 (full 0):
 def new generation   total 4928K, used 4880K [0x05200000, 0x05750000, 0x0a750000)
  eden space 4416K,  98% used [0x05200000, 0x05644018, 0x05650000)
  from space 512K,  99% used [0x056d0000, 0x0574fff8, 0x05750000)
  to   space 512K,   0% used [0x05650000, 0x05650000, 0x056d0000)
 tenured generation   total 10944K, used 3345K [0x0a750000, 0x0b200000, 0x15200000)
   the space 10944K,  30% used [0x0a750000, 0x0aa94450, 0x0aa94600, 0x0b200000)
 Metaspace       used 5630K, capacity 5890K, committed 6016K, reserved 6528K
Event: 1.389 GC heap after
Heap after GC invocations=8 (full 0):
 def new generation   total 4928K, used 512K [0x05200000, 0x05750000, 0x0a750000)
  eden space 4416K,   0% used [0x05200000, 0x05200000, 0x05650000)
  from space 512K, 100% used [0x05650000, 0x056d0000, 0x056d0000)
  to   space 512K,   0% used [0x056d0000, 0x056d0000, 0x05750000)
 tenured generation   total 10944K, used 4585K [0x0a750000, 0x0b200000, 0x15200000)
   the space 10944K,  41% used [0x0a750000, 0x0abca6e8, 0x0abca800, 0x0b200000)
 Metaspace       used 5630K, capacity 5890K, committed 6016K, reserved 6528K
}
Event: 1.406 GC heap before
{Heap before GC invocations=8 (full 0):
 def new generation   total 4928K, used 4928K [0x05200000, 0x05750000, 0x0a750000)
  eden space 4416K, 100% used [0x05200000, 0x05650000, 0x05650000)
  from space 512K, 100% used [0x05650000, 0x056d0000, 0x056d0000)
  to   space 512K,   0% used [0x056d0000, 0x056d0000, 0x05750000)
 tenured generation   total 10944K, used 4585K [0x0a750000, 0x0b200000, 0x15200000)
   the space 10944K,  41% used [0x0a750000, 0x0abca6e8, 0x0abca800, 0x0b200000)
 Metaspace       used 5630K, capacity 5890K, committed 6016K, reserved 6528K
Event: 1.410 GC heap after
Heap after GC invocations=9 (full 0):
 def new generation   total 4928K, used 512K [0x05200000, 0x05750000, 0x0a750000)
  eden space 4416K,   0% used [0x05200000, 0x05200000, 0x05650000)
  from space 512K, 100% used [0x056d0000, 0x05750000, 0x05750000)
  to   space 512K,   0% used [0x05650000, 0x05650000, 0x056d0000)
 tenured generation   total 10944K, used 5712K [0x0a750000, 0x0b200000, 0x15200000)
   the space 10944K,  52% used [0x0a750000, 0x0ace40d8, 0x0ace4200, 0x0b200000)
 Metaspace       used 5630K, capacity 5890K, committed 6016K, reserved 6528K
}
Event: 1.415 GC heap before
{Heap before GC invocations=9 (full 0):
 def new generation   total 4928K, used 4928K [0x05200000, 0x05750000, 0x0a750000)
  eden space 4416K, 100% used [0x05200000, 0x05650000, 0x05650000)
  from space 512K, 100% used [0x056d0000, 0x05750000, 0x05750000)
  to   space 512K,   0% used [0x05650000, 0x05650000, 0x056d0000)
 tenured generation   total 10944K, used 5712K [0x0a750000, 0x0b200000, 0x15200000)
   the space 10944K,  52% used [0x0a750000, 0x0ace40d8, 0x0ace4200, 0x0b200000)
 Metaspace       used 5630K, capacity 5890K, committed 6016K, reserved 6528K
Event: 1.422 GC heap after
Heap after GC invocations=10 (full 0):
 def new generation   total 4928K, used 512K [0x05200000, 0x05750000, 0x0a750000)
  eden space 4416K,   0% used [0x05200000, 0x05200000, 0x05650000)
  from space 512K, 100% used [0x05650000, 0x056d0000, 0x056d0000)
  to   space 512K,   0% used [0x056d0000, 0x056d0000, 0x05750000)
 tenured generation   total 10944K, used 7103K [0x0a750000, 0x0b200000, 0x15200000)
   the space 10944K,  64% used [0x0a750000, 0x0ae3fed0, 0x0ae40000, 0x0b200000)
 Metaspace       used 5630K, capacity 5890K, committed 6016K, reserved 6528K
}
Event: 1.432 GC heap before
{Heap before GC invocations=10 (full 0):
 def new generation   total 4928K, used 4928K [0x05200000, 0x05750000, 0x0a750000)
  eden space 4416K, 100% used [0x05200000, 0x05650000, 0x05650000)
  from space 512K, 100% used [0x05650000, 0x056d0000, 0x056d0000)
  to   space 512K,   0% used [0x056d0000, 0x056d0000, 0x05750000)
 tenured generation   total 10944K, used 7103K [0x0a750000, 0x0b200000, 0x15200000)
   the space 10944K,  64% used [0x0a750000, 0x0ae3fed0, 0x0ae40000, 0x0b200000)
 Metaspace       used 5630K, capacity 5890K, committed 6016K, reserved 6528K
Event: 1.437 GC heap after
Heap after GC invocations=11 (full 0):
 def new generation   total 4928K, used 511K [0x05200000, 0x05750000, 0x0a750000)
  eden space 4416K,   0% used [0x05200000, 0x05200000, 0x05650000)
  from space 512K,  99% used [0x056d0000, 0x0574fff8, 0x05750000)
  to   space 512K,   0% used [0x05650000, 0x05650000, 0x056d0000)
 tenured generation   total 10944K, used 8252K [0x0a750000, 0x0b200000, 0x15200000)
   the space 10944K,  75% used [0x0a750000, 0x0af5f380, 0x0af5f400, 0x0b200000)
 Metaspace       used 5630K, capacity 5890K, committed 6016K, reserved 6528K
}

