# JRE version: Java(TM) SE Runtime Environment (8.0_111-b14) (build 1.8.0_111-b14)
# Java VM: Java HotSpot(TM) Client VM (25.111-b14 mixed mode windows-x86 )
Heap:
 def new generation   total 4928K, used 3149K [0x05400000, 0x05950000, 0x0a950000)
  eden space 4416K,  63% used [0x05400000, 0x056baf38, 0x05850000)
  from space 512K,  69% used [0x058d0000, 0x05928790, 0x05950000)
  to   space 512K,   0% used [0x05850000, 0x05850000, 0x058d0000)
 tenured generation   total 10944K, used 1493K [0x0a950000, 0x0b400000, 0x15400000)
   the space 10944K,  13% used [0x0a950000, 0x0aac57e0, 0x0aac5800, 0x0b400000)
 Metaspace       used 5509K, capacity 5769K, committed 5888K, reserved 6528K
GC Heap History (10 events):
Event: 0.279 GC heap before
{Heap before GC invocations=0 (full 0):
 def new generation   total 4928K, used 4416K [0x05400000, 0x05950000, 0x0a950000)
  eden space 4416K, 100% used [0x05400000, 0x05850000, 0x05850000)
  from space 512K,   0% used [0x05850000, 0x05850000, 0x058d0000)
  to   space 512K,   0% used [0x058d0000, 0x058d0000, 0x05950000)
 tenured generation   total 10944K, used 0K [0x0a950000, 0x0b400000, 0x15400000)
   the space 10944K,   0% used [0x0a950000, 0x0a950000, 0x0a950200, 0x0b400000)
 Metaspace       used 2231K, capacity 2280K, committed 2368K, reserved 4480K
Event: 0.281 GC heap after
Heap after GC invocations=1 (full 0):
 def new generation   total 4928K, used 512K [0x05400000, 0x05950000, 0x0a950000)
  eden space 4416K,   0% used [0x05400000, 0x05400000, 0x05850000)
  from space 512K, 100% used [0x058d0000, 0x05950000, 0x05950000)
  to   space 512K,   0% used [0x05850000, 0x05850000, 0x058d0000)
 tenured generation   total 10944K, used 308K [0x0a950000, 0x0b400000, 0x15400000)
   the space 10944K,   2% used [0x0a950000, 0x0a99d1b8, 0x0a99d200, 0x0b400000)
 Metaspace       used 2231K, capacity 2280K, committed 2368K, reserved 4480K
}
Event: 0.392 GC heap before
{Heap before GC invocations=1 (full 0):
 def new generation   total 4928K, used 4928K [0x05400000, 0x05950000, 0x0a950000)
  eden space 4416K, 100% used [0x05400000, 0x05850000, 0x05850000)
  from space 512K, 100% used [0x058d0000, 0x05950000, 0x05950000)
  to   space 512K,   0% used [0x05850000, 0x05850000, 0x058d0000)
 tenured generation   total 10944K, used 308K [0x0a950000, 0x0b400000, 0x15400000)
   the space 10944K,   2% used [0x0a950000, 0x0a99d1b8, 0x0a99d200, 0x0b400000)
 Metaspace       used 3248K, capacity 3454K, committed 3520K, reserved 4480K
Event: 0.394 GC heap after
Heap after GC invocations=2 (full 0):
 def new generation   total 4928K, used 431K [0x05400000, 0x05950000, 0x0a950000)
  eden space 4416K,   0% used [0x05400000, 0x05400000, 0x05850000)
  from space 512K,  84% used [0x05850000, 0x058bbd28, 0x058d0000)
  to   space 512K,   0% used [0x058d0000, 0x058d0000, 0x05950000)
 tenured generation   total 10944K, used 817K [0x0a950000, 0x0b400000, 0x15400000)
   the space 10944K,   7% used [0x0a950000, 0x0aa1c4e8, 0x0aa1c600, 0x0b400000)
 Metaspace       used 3248K, capacity 3454K, committed 3520K, reserved 4480K
}
Event: 0.667 GC heap before
{Heap before GC invocations=2 (full 0):
 def new generation   total 4928K, used 4847K [0x05400000, 0x05950000, 0x0a950000)
  eden space 4416K, 100% used [0x05400000, 0x05850000, 0x05850000)
  from space 512K,  84% used [0x05850000, 0x058bbd28, 0x058d0000)
  to   space 512K,   0% used [0x058d0000, 0x058d0000, 0x05950000)
 tenured generation   total 10944K, used 817K [0x0a950000, 0x0b400000, 0x15400000)
   the space 10944K,   7% used [0x0a950000, 0x0aa1c4e8, 0x0aa1c600, 0x0b400000)
 Metaspace       used 3942K, capacity 4208K, committed 4288K, reserved 4480K
Event: 0.668 GC heap after
Heap after GC invocations=3 (full 0):
 def new generation   total 4928K, used 431K [0x05400000, 0x05950000, 0x0a950000)
  eden space 4416K,   0% used [0x05400000, 0x05400000, 0x05850000)
  from space 512K,  84% used [0x058d0000, 0x0593bee8, 0x05950000)
  to   space 512K,   0% used [0x05850000, 0x05850000, 0x058d0000)
 tenured generation   total 10944K, used 1095K [0x0a950000, 0x0b400000, 0x15400000)
   the space 10944K,  10% used [0x0a950000, 0x0aa61e60, 0x0aa62000, 0x0b400000)
 Metaspace       used 3942K, capacity 4208K, committed 4288K, reserved 4480K
}
Event: 0.798 GC heap before
{Heap before GC invocations=3 (full 0):
 def new generation   total 4928K, used 4847K [0x05400000, 0x05950000, 0x0a950000)
  eden space 4416K, 100% used [0x05400000, 0x05850000, 0x05850000)
  from space 512K,  84% used [0x058d0000, 0x0593bee8, 0x05950000)
  to   space 512K,   0% used [0x05850000, 0x05850000, 0x058d0000)
 tenured generation   total 10944K, used 1095K [0x0a950000, 0x0b400000, 0x15400000)
   the space 10944K,  10% used [0x0a950000, 0x0aa61e60, 0x0aa62000, 0x0b400000)
 Metaspace       used 4593K, capacity 4843K, committed 4864K, reserved 5504K
Event: 0.801 GC heap after
Heap after GC invocations=4 (full 0):
 def new generation   total 4928K, used 511K [0x05400000, 0x05950000, 0x0a950000)
  eden space 4416K,   0% used [0x05400000, 0x05400000, 0x05850000)
  from space 512K,  99% used [0x05850000, 0x058cfff8, 0x058d0000)
  to   space 512K,   0% used [0x058d0000, 0x058d0000, 0x05950000)
 tenured generation   total 10944K, used 1268K [0x0a950000, 0x0b400000, 0x15400000)
   the space 10944K,  11% used [0x0a950000, 0x0aa8d0d0, 0x0aa8d200, 0x0b400000)
 Metaspace       used 4593K, capacity 4843K, committed 4864K, reserved 5504K
}
Event: 0.878 GC heap before
{Heap before GC invocations=4 (full 0):
 def new generation   total 4928K, used 4927K [0x05400000, 0x05950000, 0x0a950000)
  eden space 4416K, 100% used [0x05400000, 0x05850000, 0x05850000)
  from space 512K,  99% used [0x05850000, 0x058cfff8, 0x058d0000)
  to   space 512K,   0% used [0x058d0000, 0x058d0000, 0x05950000)
 tenured generation   total 10944K, used 1268K [0x0a950000, 0x0b400000, 0x15400000)
   the space 10944K,  11% used [0x0a950000, 0x0aa8d0d0, 0x0aa8d200, 0x0b400000)
 Metaspace       used 5078K, capacity 5323K, committed 5376K, reserved 5504K
Event: 0.881 GC heap after
Heap after GC invocations=5 (full 0):
 def new generation   total 4928K, used 353K [0x05400000, 0x05950000, 0x0a950000)
  eden space 4416K,   0% used [0x05400000, 0x05400000, 0x05850000)
  from space 512K,  69% used [0x058d0000, 0x05928790, 0x05950000)
  to   space 512K,   0% used [0x05850000, 0x05850000, 0x058d0000)
 tenured generation   total 10944K, used 1493K [0x0a950000, 0x0b400000, 0x15400000)
   the space 10944K,  13% used [0x0a950000, 0x0aac57e0, 0x0aac5800, 0x0b400000)
 Metaspace       used 5078K, capacity 5323K, committed 5376K, reserved 5504K
}

