# JRE version: Java(TM) SE Runtime Environment (8.0_111-b14) (build 1.8.0_111-b14)
# Java VM: Java HotSpot(TM) Client VM (25.111-b14 mixed mode, sharing windows-x86 )
Heap:
 def new generation   total 4928K, used 792K [0x05000000, 0x05550000, 0x0a550000)
  eden space 4416K,   6% used [0x05000000, 0x050463e8, 0x05450000)
  from space 512K,  99% used [0x054d0000, 0x0554fff8, 0x05550000)
  to   space 512K,   0% used [0x05450000, 0x05450000, 0x054d0000)
 tenured generation   total 10944K, used 1771K [0x0a550000, 0x0b000000, 0x15000000)
   the space 10944K,  16% used [0x0a550000, 0x0a70ac20, 0x0a70ae00, 0x0b000000)
 Metaspace       used 2488K, capacity 4282K, committed 4288K, reserved 4480K
GC Heap History (10 events):
Event: 0.235 GC heap before
{Heap before GC invocations=0 (full 0):
 def new generation   total 4928K, used 4416K [0x05000000, 0x05550000, 0x0a550000)
  eden space 4416K, 100% used [0x05000000, 0x05450000, 0x05450000)
  from space 512K,   0% used [0x05450000, 0x05450000, 0x054d0000)
  to   space 512K,   0% used [0x054d0000, 0x054d0000, 0x05550000)
 tenured generation   total 10944K, used 0K [0x0a550000, 0x0b000000, 0x15000000)
   the space 10944K,   0% used [0x0a550000, 0x0a550000, 0x0a550200, 0x0b000000)
 Metaspace       used 287K, capacity 2354K, committed 2368K, reserved 4480K
Event: 0.238 GC heap after
Heap after GC invocations=1 (full 0):
 def new generation   total 4928K, used 512K [0x05000000, 0x05550000, 0x0a550000)
  eden space 4416K,   0% used [0x05000000, 0x05000000, 0x05450000)
  from space 512K, 100% used [0x054d0000, 0x05550000, 0x05550000)
  to   space 512K,   0% used [0x05450000, 0x05450000, 0x054d0000)
 tenured generation   total 10944K, used 448K [0x0a550000, 0x0b000000, 0x15000000)
   the space 10944K,   4% used [0x0a550000, 0x0a5c0260, 0x0a5c0400, 0x0b000000)
 Metaspace       used 287K, capacity 2354K, committed 2368K, reserved 4480K
}
Event: 0.363 GC heap before
{Heap before GC invocations=1 (full 0):
 def new generation   total 4928K, used 4928K [0x05000000, 0x05550000, 0x0a550000)
  eden space 4416K, 100% used [0x05000000, 0x05450000, 0x05450000)
  from space 512K, 100% used [0x054d0000, 0x05550000, 0x05550000)
  to   space 512K,   0% used [0x05450000, 0x05450000, 0x054d0000)
 tenured generation   total 10944K, used 448K [0x0a550000, 0x0b000000, 0x15000000)
   the space 10944K,   4% used [0x0a550000, 0x0a5c0260, 0x0a5c0400, 0x0b000000)
 Metaspace       used 884K, capacity 2817K, committed 2880K, reserved 4480K
Event: 0.365 GC heap after
Heap after GC invocations=2 (full 0):
 def new generation   total 4928K, used 495K [0x05000000, 0x05550000, 0x0a550000)
  eden space 4416K,   0% used [0x05000000, 0x05000000, 0x05450000)
  from space 512K,  96% used [0x05450000, 0x054cbe58, 0x054d0000)
  to   space 512K,   0% used [0x054d0000, 0x054d0000, 0x05550000)
 tenured generation   total 10944K, used 953K [0x0a550000, 0x0b000000, 0x15000000)
   the space 10944K,   8% used [0x0a550000, 0x0a63e558, 0x0a63e600, 0x0b000000)
 Metaspace       used 884K, capacity 2817K, committed 2880K, reserved 4480K
}
Event: 0.664 GC heap before
{Heap before GC invocations=2 (full 0):
 def new generation   total 4928K, used 4836K [0x05000000, 0x05550000, 0x0a550000)
  eden space 4416K,  98% used [0x05000000, 0x0543d548, 0x05450000)
  from space 512K,  96% used [0x05450000, 0x054cbe58, 0x054d0000)
  to   space 512K,   0% used [0x054d0000, 0x054d0000, 0x05550000)
 tenured generation   total 10944K, used 953K [0x0a550000, 0x0b000000, 0x15000000)
   the space 10944K,   8% used [0x0a550000, 0x0a63e558, 0x0a63e600, 0x0b000000)
 Metaspace       used 1370K, capacity 3267K, committed 3392K, reserved 4480K
Event: 0.671 GC heap after
Heap after GC invocations=3 (full 0):
 def new generation   total 4928K, used 512K [0x05000000, 0x05550000, 0x0a550000)
  eden space 4416K,   0% used [0x05000000, 0x05000000, 0x05450000)
  from space 512K, 100% used [0x054d0000, 0x05550000, 0x05550000)
  to   space 512K,   0% used [0x05450000, 0x05450000, 0x054d0000)
 tenured generation   total 10944K, used 1316K [0x0a550000, 0x0b000000, 0x15000000)
   the space 10944K,  12% used [0x0a550000, 0x0a699230, 0x0a699400, 0x0b000000)
 Metaspace       used 1370K, capacity 3267K, committed 3392K, reserved 4480K
}
Event: 0.782 GC heap before
{Heap before GC invocations=3 (full 0):
 def new generation   total 4928K, used 4928K [0x05000000, 0x05550000, 0x0a550000)
  eden space 4416K, 100% used [0x05000000, 0x05450000, 0x05450000)
  from space 512K, 100% used [0x054d0000, 0x05550000, 0x05550000)
  to   space 512K,   0% used [0x05450000, 0x05450000, 0x054d0000)
 tenured generation   total 10944K, used 1316K [0x0a550000, 0x0b000000, 0x15000000)
   the space 10944K,  12% used [0x0a550000, 0x0a699230, 0x0a699400, 0x0b000000)
 Metaspace       used 1962K, capacity 3843K, committed 3904K, reserved 4480K
Event: 0.787 GC heap after
Heap after GC invocations=4 (full 0):
 def new generation   total 4928K, used 445K [0x05000000, 0x05550000, 0x0a550000)
  eden space 4416K,   0% used [0x05000000, 0x05000000, 0x05450000)
  from space 512K,  87% used [0x05450000, 0x054bf760, 0x054d0000)
  to   space 512K,   0% used [0x054d0000, 0x054d0000, 0x05550000)
 tenured generation   total 10944K, used 1579K [0x0a550000, 0x0b000000, 0x15000000)
   the space 10944K,  14% used [0x0a550000, 0x0a6daeb8, 0x0a6db000, 0x0b000000)
 Metaspace       used 1962K, capacity 3843K, committed 3904K, reserved 4480K
}
Event: 0.907 GC heap before
{Heap before GC invocations=4 (full 0):
 def new generation   total 4928K, used 4861K [0x05000000, 0x05550000, 0x0a550000)
  eden space 4416K, 100% used [0x05000000, 0x05450000, 0x05450000)
  from space 512K,  87% used [0x05450000, 0x054bf760, 0x054d0000)
  to   space 512K,   0% used [0x054d0000, 0x054d0000, 0x05550000)
 tenured generation   total 10944K, used 1579K [0x0a550000, 0x0b000000, 0x15000000)
   the space 10944K,  14% used [0x0a550000, 0x0a6daeb8, 0x0a6db000, 0x0b000000)
 Metaspace       used 2475K, capacity 4247K, committed 4288K, reserved 4480K
Event: 0.911 GC heap after
Heap after GC invocations=5 (full 0):
 def new generation   total 4928K, used 511K [0x05000000, 0x05550000, 0x0a550000)
  eden space 4416K,   0% used [0x05000000, 0x05000000, 0x05450000)
  from space 512K,  99% used [0x054d0000, 0x0554fff8, 0x05550000)
  to   space 512K,   0% used [0x05450000, 0x05450000, 0x054d0000)
 tenured generation   total 10944K, used 1771K [0x0a550000, 0x0b000000, 0x15000000)
   the space 10944K,  16% used [0x0a550000, 0x0a70ac20, 0x0a70ae00, 0x0b000000)
 Metaspace       used 2475K, capacity 4247K, committed 4288K, reserved 4480K
}

