# JRE version: Java(TM) SE Runtime Environment (8.0_111-b14) (build 1.8.0_111-b14)
# Java VM: Java HotSpot(TM) Client VM (25.111-b14 mixed mode, sharing windows-x86 )
Heap:
 def new generation   total 4928K, used 1906K [0x04800000, 0x04d50000, 0x09d50000)
  eden space 4416K,  37% used [0x04800000, 0x049a3618, 0x04c50000)
  from space 512K,  44% used [0x04c50000, 0x04c89220, 0x04cd0000)
  to   space 512K,   0% used [0x04cd0000, 0x04cd0000, 0x04d50000)
 tenured generation   total 10944K, used 2297K [0x09d50000, 0x0a800000, 0x14800000)
   the space 10944K,  20% used [0x09d50000, 0x09f8e7b8, 0x09f8e800, 0x0a800000)
 Metaspace       used 2628K, capacity 4346K, committed 4416K, reserved 4480K
GC Heap History (10 events):
Event: 0.985 GC heap before
{Heap before GC invocations=9 (full 0):
 def new generation   total 4928K, used 4580K [0x04800000, 0x04d50000, 0x09d50000)
  eden space 4416K, 100% used [0x04800000, 0x04c50000, 0x04c50000)
  from space 512K,  32% used [0x04cd0000, 0x04cf9038, 0x04d50000)
  to   space 512K,   0% used [0x04c50000, 0x04c50000, 0x04cd0000)
 tenured generation   total 10944K, used 2178K [0x09d50000, 0x0a800000, 0x14800000)
   the space 10944K,  19% used [0x09d50000, 0x09f70a08, 0x09f70c00, 0x0a800000)
 Metaspace       used 2622K, capacity 4346K, committed 4416K, reserved 4480K
Event: 0.986 GC heap after
Heap after GC invocations=10 (full 0):
 def new generation   total 4928K, used 176K [0x04800000, 0x04d50000, 0x09d50000)
  eden space 4416K,   0% used [0x04800000, 0x04800000, 0x04c50000)
  from space 512K,  34% used [0x04c50000, 0x04c7c320, 0x04cd0000)
  to   space 512K,   0% used [0x04cd0000, 0x04cd0000, 0x04d50000)
 tenured generation   total 10944K, used 2178K [0x09d50000, 0x0a800000, 0x14800000)
   the space 10944K,  19% used [0x09d50000, 0x09f70a08, 0x09f70c00, 0x0a800000)
 Metaspace       used 2622K, capacity 4346K, committed 4416K, reserved 4480K
}
Event: 0.992 GC heap before
{Heap before GC invocations=10 (full 0):
 def new generation   total 4928K, used 4592K [0x04800000, 0x04d50000, 0x09d50000)
  eden space 4416K, 100% used [0x04800000, 0x04c50000, 0x04c50000)
  from space 512K,  34% used [0x04c50000, 0x04c7c320, 0x04cd0000)
  to   space 512K,   0% used [0x04cd0000, 0x04cd0000, 0x04d50000)
 tenured generation   total 10944K, used 2178K [0x09d50000, 0x0a800000, 0x14800000)
   the space 10944K,  19% used [0x09d50000, 0x09f70a08, 0x09f70c00, 0x0a800000)
 Metaspace       used 2622K, capacity 4346K, committed 4416K, reserved 4480K
Event: 0.993 GC heap after
Heap after GC invocations=11 (full 0):
 def new generation   total 4928K, used 192K [0x04800000, 0x04d50000, 0x09d50000)
  eden space 4416K,   0% used [0x04800000, 0x04800000, 0x04c50000)
  from space 512K,  37% used [0x04cd0000, 0x04d00008, 0x04d50000)
  to   space 512K,   0% used [0x04c50000, 0x04c50000, 0x04cd0000)
 tenured generation   total 10944K, used 2178K [0x09d50000, 0x0a800000, 0x14800000)
   the space 10944K,  19% used [0x09d50000, 0x09f70a08, 0x09f70c00, 0x0a800000)
 Metaspace       used 2622K, capacity 4346K, committed 4416K, reserved 4480K
}
Event: 0.998 GC heap before
{Heap before GC invocations=11 (full 0):
 def new generation   total 4928K, used 4608K [0x04800000, 0x04d50000, 0x09d50000)
  eden space 4416K, 100% used [0x04800000, 0x04c50000, 0x04c50000)
  from space 512K,  37% used [0x04cd0000, 0x04d00008, 0x04d50000)
  to   space 512K,   0% used [0x04c50000, 0x04c50000, 0x04cd0000)
 tenured generation   total 10944K, used 2178K [0x09d50000, 0x0a800000, 0x14800000)
   the space 10944K,  19% used [0x09d50000, 0x09f70a08, 0x09f70c00, 0x0a800000)
 Metaspace       used 2622K, capacity 4346K, committed 4416K, reserved 4480K
Event: 0.999 GC heap after
Heap after GC invocations=12 (full 0):
 def new generation   total 4928K, used 204K [0x04800000, 0x04d50000, 0x09d50000)
  eden space 4416K,   0% used [0x04800000, 0x04800000, 0x04c50000)
  from space 512K,  40% used [0x04c50000, 0x04c83380, 0x04cd0000)
  to   space 512K,   0% used [0x04cd0000, 0x04cd0000, 0x04d50000)
 tenured generation   total 10944K, used 2178K [0x09d50000, 0x0a800000, 0x14800000)
   the space 10944K,  19% used [0x09d50000, 0x09f70a08, 0x09f70c00, 0x0a800000)
 Metaspace       used 2622K, capacity 4346K, committed 4416K, reserved 4480K
}
Event: 1.015 GC heap before
{Heap before GC invocations=12 (full 0):
 def new generation   total 4928K, used 4620K [0x04800000, 0x04d50000, 0x09d50000)
  eden space 4416K, 100% used [0x04800000, 0x04c50000, 0x04c50000)
  from space 512K,  40% used [0x04c50000, 0x04c83380, 0x04cd0000)
  to   space 512K,   0% used [0x04cd0000, 0x04cd0000, 0x04d50000)
 tenured generation   total 10944K, used 2178K [0x09d50000, 0x0a800000, 0x14800000)
   the space 10944K,  19% used [0x09d50000, 0x09f70a08, 0x09f70c00, 0x0a800000)
 Metaspace       used 2626K, capacity 4346K, committed 4416K, reserved 4480K
Event: 1.017 GC heap after
Heap after GC invocations=13 (full 0):
 def new generation   total 4928K, used 301K [0x04800000, 0x04d50000, 0x09d50000)
  eden space 4416K,   0% used [0x04800000, 0x04800000, 0x04c50000)
  from space 512K,  58% used [0x04cd0000, 0x04d1b590, 0x04d50000)
  to   space 512K,   0% used [0x04c50000, 0x04c50000, 0x04cd0000)
 tenured generation   total 10944K, used 2178K [0x09d50000, 0x0a800000, 0x14800000)
   the space 10944K,  19% used [0x09d50000, 0x09f70a08, 0x09f70c00, 0x0a800000)
 Metaspace       used 2626K, capacity 4346K, committed 4416K, reserved 4480K
}
Event: 1.026 GC heap before
{Heap before GC invocations=13 (full 0):
 def new generation   total 4928K, used 4717K [0x04800000, 0x04d50000, 0x09d50000)
  eden space 4416K, 100% used [0x04800000, 0x04c50000, 0x04c50000)
  from space 512K,  58% used [0x04cd0000, 0x04d1b590, 0x04d50000)
  to   space 512K,   0% used [0x04c50000, 0x04c50000, 0x04cd0000)
 tenured generation   total 10944K, used 2178K [0x09d50000, 0x0a800000, 0x14800000)
   the space 10944K,  19% used [0x09d50000, 0x09f70a08, 0x09f70c00, 0x0a800000)
 Metaspace       used 2627K, capacity 4346K, committed 4416K, reserved 4480K
Event: 1.028 GC heap after
Heap after GC invocations=14 (full 0):
 def new generation   total 4928K, used 228K [0x04800000, 0x04d50000, 0x09d50000)
  eden space 4416K,   0% used [0x04800000, 0x04800000, 0x04c50000)
  from space 512K,  44% used [0x04c50000, 0x04c89220, 0x04cd0000)
  to   space 512K,   0% used [0x04cd0000, 0x04cd0000, 0x04d50000)
 tenured generation   total 10944K, used 2297K [0x09d50000, 0x0a800000, 0x14800000)
   the space 10944K,  20% used [0x09d50000, 0x09f8e7b8, 0x09f8e800, 0x0a800000)
 Metaspace       used 2627K, capacity 4346K, committed 4416K, reserved 4480K
}

