# JRE version: Java(TM) SE Runtime Environment (8.0_111-b14) (build 1.8.0_111-b14)
# Java VM: Java HotSpot(TM) Client VM (25.111-b14 mixed mode windows-x86 )
Heap:
 def new generation   total 4928K, used 2108K [0x05400000, 0x05950000, 0x0a950000)
  eden space 4416K,  39% used [0x05400000, 0x055b6738, 0x05850000)
  from space 512K,  69% used [0x058d0000, 0x05928918, 0x05950000)
  to   space 512K,   0% used [0x05850000, 0x05850000, 0x058d0000)
 tenured generation   total 10944K, used 1491K [0x0a950000, 0x0b400000, 0x15400000)
   the space 10944K,  13% used [0x0a950000, 0x0aac4fc8, 0x0aac5000, 0x0b400000)
 Metaspace       used 5280K, capacity 5538K, committed 5632K, reserved 6528K
GC Heap History (10 events):
Event: 0.291 GC heap before
{Heap before GC invocations=0 (full 0):
 def new generation   total 4928K, used 4416K [0x05400000, 0x05950000, 0x0a950000)
  eden space 4416K, 100% used [0x05400000, 0x05850000, 0x05850000)
  from space 512K,   0% used [0x05850000, 0x05850000, 0x058d0000)
  to   space 512K,   0% used [0x058d0000, 0x058d0000, 0x05950000)
 tenured generation   total 10944K, used 0K [0x0a950000, 0x0b400000, 0x15400000)
   the space 10944K,   0% used [0x0a950000, 0x0a950000, 0x0a950200, 0x0b400000)
 Metaspace       used 2231K, capacity 2280K, committed 2368K, reserved 4480K
Event: 0.295 GC heap after
Heap after GC invocations=1 (full 0):
 def new generation   total 4928K, used 512K [0x05400000, 0x05950000, 0x0a950000)
  eden space 4416K,   0% used [0x05400000, 0x05400000, 0x05850000)
  from space 512K, 100% used [0x058d0000, 0x05950000, 0x05950000)
  to   space 512K,   0% used [0x05850000, 0x05850000, 0x058d0000)
 tenured generation   total 10944K, used 308K [0x0a950000, 0x0b400000, 0x15400000)
   the space 10944K,   2% used [0x0a950000, 0x0a99d020, 0x0a99d200, 0x0b400000)
 Metaspace       used 2231K, capacity 2280K, committed 2368K, reserved 4480K
}
Event: 0.425 GC heap before
{Heap before GC invocations=1 (full 0):
 def new generation   total 4928K, used 4928K [0x05400000, 0x05950000, 0x0a950000)
  eden space 4416K, 100% used [0x05400000, 0x05850000, 0x05850000)
  from space 512K, 100% used [0x058d0000, 0x05950000, 0x05950000)
  to   space 512K,   0% used [0x05850000, 0x05850000, 0x058d0000)
 tenured generation   total 10944K, used 308K [0x0a950000, 0x0b400000, 0x15400000)
   the space 10944K,   2% used [0x0a950000, 0x0a99d020, 0x0a99d200, 0x0b400000)
 Metaspace       used 3248K, capacity 3454K, committed 3520K, reserved 4480K
Event: 0.428 GC heap after
Heap after GC invocations=2 (full 0):
 def new generation   total 4928K, used 432K [0x05400000, 0x05950000, 0x0a950000)
  eden space 4416K,   0% used [0x05400000, 0x05400000, 0x05850000)
  from space 512K,  84% used [0x05850000, 0x058bc150, 0x058d0000)
  to   space 512K,   0% used [0x058d0000, 0x058d0000, 0x05950000)
 tenured generation   total 10944K, used 816K [0x0a950000, 0x0b400000, 0x15400000)
   the space 10944K,   7% used [0x0a950000, 0x0aa1c350, 0x0aa1c400, 0x0b400000)
 Metaspace       used 3248K, capacity 3454K, committed 3520K, reserved 4480K
}
Event: 0.656 GC heap before
{Heap before GC invocations=2 (full 0):
 def new generation   total 4928K, used 4848K [0x05400000, 0x05950000, 0x0a950000)
  eden space 4416K, 100% used [0x05400000, 0x05850000, 0x05850000)
  from space 512K,  84% used [0x05850000, 0x058bc150, 0x058d0000)
  to   space 512K,   0% used [0x058d0000, 0x058d0000, 0x05950000)
 tenured generation   total 10944K, used 816K [0x0a950000, 0x0b400000, 0x15400000)
   the space 10944K,   7% used [0x0a950000, 0x0aa1c350, 0x0aa1c400, 0x0b400000)
 Metaspace       used 3943K, capacity 4208K, committed 4288K, reserved 4480K
Event: 0.659 GC heap after
Heap after GC invocations=3 (full 0):
 def new generation   total 4928K, used 433K [0x05400000, 0x05950000, 0x0a950000)
  eden space 4416K,   0% used [0x05400000, 0x05400000, 0x05850000)
  from space 512K,  84% used [0x058d0000, 0x0593c4a0, 0x05950000)
  to   space 512K,   0% used [0x05850000, 0x05850000, 0x058d0000)
 tenured generation   total 10944K, used 1095K [0x0a950000, 0x0b400000, 0x15400000)
   the space 10944K,  10% used [0x0a950000, 0x0aa61e18, 0x0aa62000, 0x0b400000)
 Metaspace       used 3943K, capacity 4208K, committed 4288K, reserved 4480K
}
Event: 0.805 GC heap before
{Heap before GC invocations=3 (full 0):
 def new generation   total 4928K, used 4849K [0x05400000, 0x05950000, 0x0a950000)
  eden space 4416K, 100% used [0x05400000, 0x05850000, 0x05850000)
  from space 512K,  84% used [0x058d0000, 0x0593c4a0, 0x05950000)
  to   space 512K,   0% used [0x05850000, 0x05850000, 0x058d0000)
 tenured generation   total 10944K, used 1095K [0x0a950000, 0x0b400000, 0x15400000)
   the space 10944K,  10% used [0x0a950000, 0x0aa61e18, 0x0aa62000, 0x0b400000)
 Metaspace       used 4589K, capacity 4843K, committed 4864K, reserved 5504K
Event: 0.809 GC heap after
Heap after GC invocations=4 (full 0):
 def new generation   total 4928K, used 511K [0x05400000, 0x05950000, 0x0a950000)
  eden space 4416K,   0% used [0x05400000, 0x05400000, 0x05850000)
  from space 512K,  99% used [0x05850000, 0x058cff70, 0x058d0000)
  to   space 512K,   0% used [0x058d0000, 0x058d0000, 0x05950000)
 tenured generation   total 10944K, used 1266K [0x0a950000, 0x0b400000, 0x15400000)
   the space 10944K,  11% used [0x0a950000, 0x0aa8c998, 0x0aa8ca00, 0x0b400000)
 Metaspace       used 4589K, capacity 4843K, committed 4864K, reserved 5504K
}
Event: 0.910 GC heap before
{Heap before GC invocations=4 (full 0):
 def new generation   total 4928K, used 4927K [0x05400000, 0x05950000, 0x0a950000)
  eden space 4416K, 100% used [0x05400000, 0x05850000, 0x05850000)
  from space 512K,  99% used [0x05850000, 0x058cff70, 0x058d0000)
  to   space 512K,   0% used [0x058d0000, 0x058d0000, 0x05950000)
 tenured generation   total 10944K, used 1266K [0x0a950000, 0x0b400000, 0x15400000)
   the space 10944K,  11% used [0x0a950000, 0x0aa8c998, 0x0aa8ca00, 0x0b400000)
 Metaspace       used 5076K, capacity 5323K, committed 5376K, reserved 5504K
Event: 0.913 GC heap after
Heap after GC invocations=5 (full 0):
 def new generation   total 4928K, used 354K [0x05400000, 0x05950000, 0x0a950000)
  eden space 4416K,   0% used [0x05400000, 0x05400000, 0x05850000)
  from space 512K,  69% used [0x058d0000, 0x05928918, 0x05950000)
  to   space 512K,   0% used [0x05850000, 0x05850000, 0x058d0000)
 tenured generation   total 10944K, used 1491K [0x0a950000, 0x0b400000, 0x15400000)
   the space 10944K,  13% used [0x0a950000, 0x0aac4fc8, 0x0aac5000, 0x0b400000)
 Metaspace       used 5076K, capacity 5323K, committed 5376K, reserved 5504K
}

