# JRE version: Java(TM) SE Runtime Environment (8.0_111-b14) (build 1.8.0_111-b14)
# Java VM: Java HotSpot(TM) Client VM (25.111-b14 mixed mode windows-x86 )
Heap:
 def new generation   total 4928K, used 2841K [0x05400000, 0x05950000, 0x0a950000)
  eden space 4416K,  52% used [0x05400000, 0x056464b0, 0x05850000)
  from space 512K,  99% used [0x058d0000, 0x0594fff8, 0x05950000)
  to   space 512K,   0% used [0x05850000, 0x05850000, 0x058d0000)
 tenured generation   total 10944K, used 8253K [0x0a950000, 0x0b400000, 0x15400000)
   the space 10944K,  75% used [0x0a950000, 0x0b15f760, 0x0b15f800, 0x0b400000)
 Metaspace       used 5748K, capacity 5993K, committed 6144K, reserved 6528K
GC Heap History (10 events):
Event: 1.154 GC heap before
{Heap before GC invocations=6 (full 0):
 def new generation   total 4928K, used 4928K [0x05400000, 0x05950000, 0x0a950000)
  eden space 4416K, 100% used [0x05400000, 0x05850000, 0x05850000)
  from space 512K, 100% used [0x05850000, 0x058d0000, 0x058d0000)
  to   space 512K,   0% used [0x058d0000, 0x058d0000, 0x05950000)
 tenured generation   total 10944K, used 1950K [0x0a950000, 0x0b400000, 0x15400000)
   the space 10944K,  17% used [0x0a950000, 0x0ab37a68, 0x0ab37c00, 0x0b400000)
 Metaspace       used 5622K, capacity 5890K, committed 6016K, reserved 6528K
Event: 1.161 GC heap after
Heap after GC invocations=7 (full 0):
 def new generation   total 4928K, used 511K [0x05400000, 0x05950000, 0x0a950000)
  eden space 4416K,   0% used [0x05400000, 0x05400000, 0x05850000)
  from space 512K,  99% used [0x058d0000, 0x0594fff8, 0x05950000)
  to   space 512K,   0% used [0x05850000, 0x05850000, 0x058d0000)
 tenured generation   total 10944K, used 3341K [0x0a950000, 0x0b400000, 0x15400000)
   the space 10944K,  30% used [0x0a950000, 0x0ac934b0, 0x0ac93600, 0x0b400000)
 Metaspace       used 5622K, capacity 5890K, committed 6016K, reserved 6528K
}
Event: 1.177 GC heap before
{Heap before GC invocations=7 (full 0):
 def new generation   total 4928K, used 4883K [0x05400000, 0x05950000, 0x0a950000)
  eden space 4416K,  98% used [0x05400000, 0x05844e50, 0x05850000)
  from space 512K,  99% used [0x058d0000, 0x0594fff8, 0x05950000)
  to   space 512K,   0% used [0x05850000, 0x05850000, 0x058d0000)
 tenured generation   total 10944K, used 3341K [0x0a950000, 0x0b400000, 0x15400000)
   the space 10944K,  30% used [0x0a950000, 0x0ac934b0, 0x0ac93600, 0x0b400000)
 Metaspace       used 5632K, capacity 5890K, committed 6016K, reserved 6528K
Event: 1.181 GC heap after
Heap after GC invocations=8 (full 0):
 def new generation   total 4928K, used 512K [0x05400000, 0x05950000, 0x0a950000)
  eden space 4416K,   0% used [0x05400000, 0x05400000, 0x05850000)
  from space 512K, 100% used [0x05850000, 0x058d0000, 0x058d0000)
  to   space 512K,   0% used [0x058d0000, 0x058d0000, 0x05950000)
 tenured generation   total 10944K, used 4586K [0x0a950000, 0x0b400000, 0x15400000)
   the space 10944K,  41% used [0x0a950000, 0x0adcaac8, 0x0adcac00, 0x0b400000)
 Metaspace       used 5632K, capacity 5890K, committed 6016K, reserved 6528K
}
Event: 1.194 GC heap before
{Heap before GC invocations=8 (full 0):
 def new generation   total 4928K, used 4928K [0x05400000, 0x05950000, 0x0a950000)
  eden space 4416K, 100% used [0x05400000, 0x05850000, 0x05850000)
  from space 512K, 100% used [0x05850000, 0x058d0000, 0x058d0000)
  to   space 512K,   0% used [0x058d0000, 0x058d0000, 0x05950000)
 tenured generation   total 10944K, used 4586K [0x0a950000, 0x0b400000, 0x15400000)
   the space 10944K,  41% used [0x0a950000, 0x0adcaac8, 0x0adcac00, 0x0b400000)
 Metaspace       used 5632K, capacity 5890K, committed 6016K, reserved 6528K
Event: 1.197 GC heap after
Heap after GC invocations=9 (full 0):
 def new generation   total 4928K, used 512K [0x05400000, 0x05950000, 0x0a950000)
  eden space 4416K,   0% used [0x05400000, 0x05400000, 0x05850000)
  from space 512K, 100% used [0x058d0000, 0x05950000, 0x05950000)
  to   space 512K,   0% used [0x05850000, 0x05850000, 0x058d0000)
 tenured generation   total 10944K, used 5713K [0x0a950000, 0x0b400000, 0x15400000)
   the space 10944K,  52% used [0x0a950000, 0x0aee44b8, 0x0aee4600, 0x0b400000)
 Metaspace       used 5632K, capacity 5890K, committed 6016K, reserved 6528K
}
Event: 1.201 GC heap before
{Heap before GC invocations=9 (full 0):
 def new generation   total 4928K, used 4928K [0x05400000, 0x05950000, 0x0a950000)
  eden space 4416K, 100% used [0x05400000, 0x05850000, 0x05850000)
  from space 512K, 100% used [0x058d0000, 0x05950000, 0x05950000)
  to   space 512K,   0% used [0x05850000, 0x05850000, 0x058d0000)
 tenured generation   total 10944K, used 5713K [0x0a950000, 0x0b400000, 0x15400000)
   the space 10944K,  52% used [0x0a950000, 0x0aee44b8, 0x0aee4600, 0x0b400000)
 Metaspace       used 5632K, capacity 5890K, committed 6016K, reserved 6528K
Event: 1.207 GC heap after
Heap after GC invocations=10 (full 0):
 def new generation   total 4928K, used 512K [0x05400000, 0x05950000, 0x0a950000)
  eden space 4416K,   0% used [0x05400000, 0x05400000, 0x05850000)
  from space 512K, 100% used [0x05850000, 0x058d0000, 0x058d0000)
  to   space 512K,   0% used [0x058d0000, 0x058d0000, 0x05950000)
 tenured generation   total 10944K, used 7104K [0x0a950000, 0x0b400000, 0x15400000)
   the space 10944K,  64% used [0x0a950000, 0x0b0402b0, 0x0b040400, 0x0b400000)
 Metaspace       used 5632K, capacity 5890K, committed 6016K, reserved 6528K
}
Event: 1.216 GC heap before
{Heap before GC invocations=10 (full 0):
 def new generation   total 4928K, used 4928K [0x05400000, 0x05950000, 0x0a950000)
  eden space 4416K, 100% used [0x05400000, 0x05850000, 0x05850000)
  from space 512K, 100% used [0x05850000, 0x058d0000, 0x058d0000)
  to   space 512K,   0% used [0x058d0000, 0x058d0000, 0x05950000)
 tenured generation   total 10944K, used 7104K [0x0a950000, 0x0b400000, 0x15400000)
   the space 10944K,  64% used [0x0a950000, 0x0b0402b0, 0x0b040400, 0x0b400000)
 Metaspace       used 5632K, capacity 5890K, committed 6016K, reserved 6528K
Event: 1.219 GC heap after
Heap after GC invocations=11 (full 0):
 def new generation   total 4928K, used 511K [0x05400000, 0x05950000, 0x0a950000)
  eden space 4416K,   0% used [0x05400000, 0x05400000, 0x05850000)
  from space 512K,  99% used [0x058d0000, 0x0594fff8, 0x05950000)
  to   space 512K,   0% used [0x05850000, 0x05850000, 0x058d0000)
 tenured generation   total 10944K, used 8253K [0x0a950000, 0x0b400000, 0x15400000)
   the space 10944K,  75% used [0x0a950000, 0x0b15f760, 0x0b15f800, 0x0b400000)
 Metaspace       used 5632K, capacity 5890K, committed 6016K, reserved 6528K
}

